0 info it worked if it ends with ok
1 verbose cli [ '/usr/local/bin/node',
1 verbose cli   '/Users/Zenners/.npm-packages/bin/npm',
1 verbose cli   'run',
1 verbose cli   'development' ]
2 info using npm@3.10.5
3 info using node@v5.7.1
4 verbose run-script [ 'predevelopment', 'development', 'postdevelopment' ]
5 info lifecycle middleman-gulp@2.0.0~predevelopment: middleman-gulp@2.0.0
6 silly lifecycle middleman-gulp@2.0.0~predevelopment: no script for predevelopment, continuing
7 info lifecycle middleman-gulp@2.0.0~development: middleman-gulp@2.0.0
8 verbose lifecycle middleman-gulp@2.0.0~development: unsafe-perm in lifecycle true
9 verbose lifecycle middleman-gulp@2.0.0~development: PATH: /Users/Zenners/.npm-packages/lib/node_modules/npm/bin/node-gyp-bin:/Users/Zenners/Documents/my_new_site/node_modules/.bin:/usr/local/bin:/Users/Zenners/.rvm/gems/ruby-2.3.1/bin:/Users/Zenners/.jenv/shims:/Users/Zenners/.jenv/bin:/Users/Zenners/.npm-packages/bin:/usr/local/heroku/bin:/Users/Zenners/.rbenv/shims:/Users/Zenners/.rbenv/bin:/Users/Zenners/.rvm/gems/ruby-2.3.1@global/bin:/Users/Zenners/.rvm/rubies/ruby-2.3.1/bin:/Users/Zenners/.rvm/bin:/Users/Zenners/Desktop/adt-bundle/sdk/tools:/Users/Zenners/Desktop/adt-bundle/sdk/platform-tools:/usr/local/git/bin:/usr/local/sbin:/usr/local/bin:/usr/bin:/bin:/usr/sbin:/sbin:/Users/Zenners/documents/play-2.2.6
10 verbose lifecycle middleman-gulp@2.0.0~development: CWD: /Users/Zenners/Documents/my_new_site
11 silly lifecycle middleman-gulp@2.0.0~development: Args: [ '-c', 'NODE_ENV=development gulp default' ]
12 silly lifecycle middleman-gulp@2.0.0~development: Returned: code: 1  signal: null
13 info lifecycle middleman-gulp@2.0.0~development: Failed to exec development script
14 verbose stack Error: middleman-gulp@2.0.0 development: `NODE_ENV=development gulp default`
14 verbose stack Exit status 1
14 verbose stack     at EventEmitter.<anonymous> (/Users/Zenners/.npm-packages/lib/node_modules/npm/lib/utils/lifecycle.js:242:16)
14 verbose stack     at emitTwo (events.js:100:13)
14 verbose stack     at EventEmitter.emit (events.js:185:7)
14 verbose stack     at ChildProcess.<anonymous> (/Users/Zenners/.npm-packages/lib/node_modules/npm/lib/utils/spawn.js:40:14)
14 verbose stack     at emitTwo (events.js:100:13)
14 verbose stack     at ChildProcess.emit (events.js:185:7)
14 verbose stack     at maybeClose (internal/child_process.js:827:16)
14 verbose stack     at Process.ChildProcess._handle.onexit (internal/child_process.js:211:5)
15 verbose pkgid middleman-gulp@2.0.0
16 verbose cwd /Users/Zenners/Documents/my_new_site
17 error Darwin 15.6.0
18 error argv "/usr/local/bin/node" "/Users/Zenners/.npm-packages/bin/npm" "run" "development"
19 error node v5.7.1
20 error npm  v3.10.5
21 error code ELIFECYCLE
22 error middleman-gulp@2.0.0 development: `NODE_ENV=development gulp default`
22 error Exit status 1
23 error Failed at the middleman-gulp@2.0.0 development script 'NODE_ENV=development gulp default'.
23 error Make sure you have the latest version of node.js and npm installed.
23 error If you do, this is most likely a problem with the middleman-gulp package,
23 error not with npm itself.
23 error Tell the author that this fails on your system:
23 error     NODE_ENV=development gulp default
23 error You can get information on how to open an issue for this project with:
23 error     npm bugs middleman-gulp
23 error Or if that isn't available, you can get their info via:
23 error     npm owner ls middleman-gulp
23 error There is likely additional logging output above.
24 verbose exit [ 1, true ]
